<?xml version="1.0" encoding="UTF-8"?>
<!-- Generated by org.testng.reporters.JUnitReportReporter -->
<testsuite skipped="0" hostname="DESKTOP-INQUNRP" name="com.salesForceDropDown.EqualsCondition" tests="1" failures="0" timestamp="2020-04-22T07:23:28 EDT" time="0.343" errors="0">
  <testcase name="value" time="0.343" classname="com.salesForceDropDown.EqualsCondition"/>
</testsuite> <!-- com.salesForceDropDown.EqualsCondition -->
