<?xml version="1.0" encoding="UTF-8"?>
<!-- Generated by org.testng.reporters.JUnitReportReporter -->
<testsuite skipped="0" hostname="DESKTOP-INQUNRP" name="com.salesForceCSS.AdvanceCSS" tests="4" failures="0" timestamp="2020-09-12T12:49:23 EDT" time="5.715" errors="0">
  <testcase name="directChild" time="1.801" classname="com.salesForceCSS.AdvanceCSS"/>
  <testcase name="directntnChildNumbering" time="1.505" classname="com.salesForceCSS.AdvanceCSS"/>
  <testcase name="directNtnFirstChild" time="1.200" classname="com.salesForceCSS.AdvanceCSS"/>
  <testcase name="directNtnLastChild" time="1.209" classname="com.salesForceCSS.AdvanceCSS"/>
</testsuite> <!-- com.salesForceCSS.AdvanceCSS -->
