<?xml version="1.0" encoding="UTF-8"?>
<!-- Generated by org.testng.reporters.JUnitReportReporter -->
<testsuite skipped="0" hostname="DESKTOP-INQUNRP" name="com.salesForceWaitCommands.Fluent1" tests="1" failures="0" timestamp="2020-05-09T18:26:51 EDT" time="7.917" errors="0">
  <testcase name="fluentTest" time="7.917" classname="com.salesForceWaitCommands.Fluent1"/>
</testsuite> <!-- com.salesForceWaitCommands.Fluent1 -->
