<?xml version="1.0" encoding="UTF-8"?>
<!-- Generated by org.testng.reporters.JUnitReportReporter -->
<testsuite skipped="0" hostname="DESKTOP-INQUNRP" name="com.salesForceActionsMouseHover.MouseHoverListTag" tests="1" failures="0" timestamp="2020-05-03T17:17:01 EDT" time="6.186" errors="0">
  <testcase name="mouseHover" time="6.186" classname="com.salesForceActionsMouseHover.MouseHoverListTag"/>
</testsuite> <!-- com.salesForceActionsMouseHover.MouseHoverListTag -->
