<?xml version="1.0" encoding="UTF-8"?>
<!-- Generated by org.testng.reporters.JUnitReportReporter -->
<testsuite skipped="0" hostname="DESKTOP-INQUNRP" name="com.salesForceActionsKeyboardEvent.Tab" tests="1" failures="0" timestamp="2020-05-10T16:09:26 EDT" time="5.763" errors="0">
  <testcase name="tabEvent" time="5.763" classname="com.salesForceActionsKeyboardEvent.Tab"/>
</testsuite> <!-- com.salesForceActionsKeyboardEvent.Tab -->
