<?xml version="1.0" encoding="UTF-8"?>
<!-- Generated by org.testng.reporters.JUnitReportReporter -->
<testsuite skipped="0" hostname="DESKTOP-INQUNRP" name="iFrame.SwitchByWebElement" tests="1" failures="0" timestamp="2020-04-10T16:45:50 EDT" time="13.397" errors="0">
  <testcase name="switchByElement" time="13.397" classname="iFrame.SwitchByWebElement"/>
</testsuite> <!-- iFrame.SwitchByWebElement -->
