<?xml version="1.0" encoding="UTF-8"?>
<!-- Generated by org.testng.reporters.JUnitReportReporter -->
<testsuite skipped="0" hostname="DESKTOP-INQUNRP" name="com.salesForceActionsDragAndDrop.DragAndDropFolder" tests="1" failures="0" timestamp="2020-05-03T17:32:11 EDT" time="0.544" errors="0">
  <testcase name="DragAndDMiltiClickTest" time="0.544" classname="com.salesForceActionsDragAndDrop.DragAndDropFolder"/>
</testsuite> <!-- com.salesForceActionsDragAndDrop.DragAndDropFolder -->
