<?xml version="1.0" encoding="UTF-8"?>
<!-- Generated by org.testng.reporters.JUnitReportReporter -->
<testsuite skipped="0" hostname="DESKTOP-INQUNRP" name="com.SalesForceWindowHandleIterator.IteratorMultiChild" tests="1" failures="0" timestamp="2020-04-19T21:10:00 EDT" time="35.371" errors="0">
  <testcase name="iterator" time="35.371" classname="com.SalesForceWindowHandleIterator.IteratorMultiChild"/>
</testsuite> <!-- com.SalesForceWindowHandleIterator.IteratorMultiChild -->
