<?xml version="1.0" encoding="UTF-8"?>
<!-- Generated by org.testng.reporters.JUnitReportReporter -->
<testsuite skipped="0" hostname="DESKTOP-INQUNRP" name="com.salesForceWaitCommands.Basics" tests="1" failures="0" timestamp="2020-05-04T18:52:17 EDT" time="0.176" errors="0">
  <testcase name="generalTest" time="0.176" classname="com.salesForceWaitCommands.Basics"/>
</testsuite> <!-- com.salesForceWaitCommands.Basics -->
