<?xml version="1.0" encoding="UTF-8"?>
<!-- Generated by org.testng.reporters.JUnitReportReporter -->
<testsuite skipped="0" hostname="DESKTOP-INQUNRP" name="com.salesForceActionsKeyboardEvent.EnterReturn" tests="3" failures="0" timestamp="2020-05-03T12:52:32 EDT" time="17.983" errors="0">
  <testcase name="returnTest" time="7.164" classname="com.salesForceActionsKeyboardEvent.EnterReturn"/>
  <testcase name="enterTest" time="4.891" classname="com.salesForceActionsKeyboardEvent.EnterReturn"/>
  <testcase name="backSpaceTest" time="5.928" classname="com.salesForceActionsKeyboardEvent.EnterReturn"/>
</testsuite> <!-- com.salesForceActionsKeyboardEvent.EnterReturn -->
