<?xml version="1.0" encoding="UTF-8"?>
<!-- Generated by org.testng.reporters.JUnitReportReporter -->
<testsuite skipped="0" hostname="DESKTOP-INQUNRP" name="com.salesForceActionsClick.DoubleClick" tests="2" failures="0" timestamp="2020-07-01T13:44:40 EDT" time="2.896" errors="0">
  <testcase name="doubleClickTest" time="2.587" classname="com.salesForceActionsClick.DoubleClick"/>
  <testcase name="doubleClickTest1" time="0.309" classname="com.salesForceActionsClick.DoubleClick"/>
</testsuite> <!-- com.salesForceActionsClick.DoubleClick -->
