<?xml version="1.0" encoding="UTF-8"?>
<!-- Generated by org.testng.reporters.JUnitReportReporter -->
<testsuite skipped="0" hostname="DESKTOP-INQUNRP" name="com.salesForceCalander.Pick_a_Dynamic_Date_Using_ForLoop" tests="1" failures="0" timestamp="2020-07-01T14:24:31 EDT" time="0.581" errors="0">
  <testcase name="callingMethod" time="0.581" classname="com.salesForceCalander.Pick_a_Dynamic_Date_Using_ForLoop"/>
</testsuite> <!-- com.salesForceCalander.Pick_a_Dynamic_Date_Using_ForLoop -->
