<?xml version="1.0" encoding="UTF-8"?>
<!-- Generated by org.testng.reporters.JUnitReportReporter -->
<testsuite skipped="0" hostname="DESKTOP-INQUNRP" name="com.salesForceCSS.RegularCSS" tests="5" failures="0" timestamp="2020-04-12T21:08:12 EDT" time="5.867" errors="0">
  <testcase name="oneAttributeTest" time="0.531" classname="com.salesForceCSS.RegularCSS"/>
  <testcase name="twoAttributeTest" time="1.411" classname="com.salesForceCSS.RegularCSS"/>
  <testcase name="startWithAttributeTest" time="0.449" classname="com.salesForceCSS.RegularCSS"/>
  <testcase name="endsWithAttributeTest" time="0.127" classname="com.salesForceCSS.RegularCSS"/>
  <testcase name="SubstringTest" time="3.349" classname="com.salesForceCSS.RegularCSS"/>
</testsuite> <!-- com.salesForceCSS.RegularCSS -->
