<?xml version="1.0" encoding="UTF-8"?>
<!-- Generated by org.testng.reporters.JUnitReportReporter -->
<testsuite skipped="0" hostname="DESKTOP-INQUNRP" name="com.salesForceActionsSlider.SliderBar" tests="1" failures="0" timestamp="2020-05-03T17:42:26 EDT" time="0.654" errors="0">
  <testcase name="DragAndDMiltiClickTest" time="0.654" classname="com.salesForceActionsSlider.SliderBar"/>
</testsuite> <!-- com.salesForceActionsSlider.SliderBar -->
