<?xml version="1.0" encoding="UTF-8"?>
<!-- Generated by org.testng.reporters.JUnitReportReporter -->
<testsuite skipped="0" hostname="DESKTOP-INQUNRP" name="com.SalesForceWindowHandleI.WindowClientIndex" tests="3" failures="0" timestamp="2020-04-19T21:47:43 EDT" time="11.788" errors="0">
  <testcase name="switchToChildWindow" time="8.475" classname="com.SalesForceWindowHandleI.WindowClientIndex"/>
  <testcase name="switchToParentWindow" time="3.199" classname="com.SalesForceWindowHandleI.WindowClientIndex"/>
  <testcase name="allTest" time="0.114" classname="com.SalesForceWindowHandleI.WindowClientIndex"/>
</testsuite> <!-- com.SalesForceWindowHandleI.WindowClientIndex -->
