<?xml version="1.0" encoding="UTF-8"?>
<!-- Generated by org.testng.reporters.JUnitReportReporter -->
<testsuite skipped="0" hostname="DESKTOP-INQUNRP" name="com.salesForceActionsDragAndDrop.DragAndDrop" tests="3" failures="0" timestamp="2020-04-20T08:47:04 EDT" time="1.966" errors="0">
  <testcase name="DragAndDMiltiClickTest" time="0.390" classname="com.salesForceActionsDragAndDrop.DragAndDrop"/>
  <testcase name="manyBoxClickTest" time="0.973" classname="com.salesForceActionsDragAndDrop.DragAndDrop"/>
  <testcase name="DragAndDropOneClickTest" time="0.603" classname="com.salesForceActionsDragAndDrop.DragAndDrop"/>
</testsuite> <!-- com.salesForceActionsDragAndDrop.DragAndDrop -->
