<?xml version="1.0" encoding="UTF-8"?>
<!-- Generated by org.testng.reporters.JUnitReportReporter -->
<testsuite skipped="0" hostname="DESKTOP-INQUNRP" name="com.salesForceWaitCommands.Fluent2" tests="1" failures="0" timestamp="2020-05-17T16:16:18 EDT" time="16.340" errors="0">
  <testcase name="name" time="16.340" classname="com.salesForceWaitCommands.Fluent2"/>
</testsuite> <!-- com.salesForceWaitCommands.Fluent2 -->
