<?xml version="1.0" encoding="UTF-8"?>
<!-- Generated by org.testng.reporters.JUnitReportReporter -->
<testsuite skipped="0" hostname="DESKTOP-INQUNRP" name="com.SalesForceIFrame.ByID" tests="1" failures="0" timestamp="2020-04-18T19:22:50 EDT" time="6.672" errors="0">
  <testcase name="findByIndexTest" time="6.672" classname="com.SalesForceIFrame.ByID"/>
</testsuite> <!-- com.SalesForceIFrame.ByID -->
