<?xml version="1.0" encoding="UTF-8"?>
<!-- Generated by org.testng.reporters.JUnitReportReporter -->
<testsuite skipped="0" hostname="DESKTOP-INQUNRP" name="com.salesForceActionsMouseHover.MouseHoverListText" tests="1" failures="0" timestamp="2020-04-22T12:15:22 EDT" time="3.948" errors="0">
  <testcase name="mouseHover" time="3.948" classname="com.salesForceActionsMouseHover.MouseHoverListText"/>
</testsuite> <!-- com.salesForceActionsMouseHover.MouseHoverListText -->
