<?xml version="1.0" encoding="UTF-8"?>
<!-- Generated by org.testng.reporters.JUnitReportReporter -->
<testsuite skipped="0" hostname="DESKTOP-INQUNRP" name="com.salesForceCSS.NthOfType" tests="3" failures="0" timestamp="2020-04-19T11:28:04 EDT" time="12.604" errors="0">
  <testcase name="nthOfTypeNumbering" time="4.153" classname="com.salesForceCSS.NthOfType"/>
  <testcase name="ntnOfTypeFirstChild" time="3.805" classname="com.salesForceCSS.NthOfType"/>
  <testcase name="ntnOfTypeLastChild" time="4.646" classname="com.salesForceCSS.NthOfType"/>
</testsuite> <!-- com.salesForceCSS.NthOfType -->
