<?xml version="1.0" encoding="UTF-8"?>
<!-- Generated by org.testng.reporters.JUnitReportReporter -->
<testsuite skipped="0" hostname="DESKTOP-INQUNRP" name="com.salesForceCSS.AdvanceCSS" tests="4" failures="0" timestamp="2020-04-12T21:52:41 EDT" time="6.502" errors="0">
  <testcase name="directChild" time="2.990" classname="com.salesForceCSS.AdvanceCSS"/>
  <testcase name="directntnChildNumbering" time="1.185" classname="com.salesForceCSS.AdvanceCSS"/>
  <testcase name="directNtnFirstChild" time="1.197" classname="com.salesForceCSS.AdvanceCSS"/>
  <testcase name="directNtnLastChild" time="1.130" classname="com.salesForceCSS.AdvanceCSS"/>
</testsuite> <!-- com.salesForceCSS.AdvanceCSS -->
