<?xml version="1.0" encoding="UTF-8"?>
<!-- Generated by org.testng.reporters.JUnitReportReporter -->
<testsuite skipped="0" hostname="DESKTOP-INQUNRP" name="com.salesForceWaitCommands.Fluent1" tests="1" failures="0" timestamp="2020-05-17T16:21:00 EDT" time="7.591" errors="0">
  <testcase name="fluentTest" time="7.591" classname="com.salesForceWaitCommands.Fluent1"/>
</testsuite> <!-- com.salesForceWaitCommands.Fluent1 -->
