<?xml version="1.0" encoding="UTF-8"?>
<!-- Generated by org.testng.reporters.JUnitReportReporter -->
<testsuite skipped="0" hostname="DESKTOP-INQUNRP" name="com.salesForceDropDownAutoSuggertion.BootStrapDropDown" tests="4" failures="0" timestamp="2020-09-16T19:11:00 EDT" time="23.711" errors="0">
  <testcase name="getSpecificText" time="3.234" classname="com.salesForceDropDownAutoSuggertion.BootStrapDropDown"/>
  <testcase name="getAllText" time="13.183" classname="com.salesForceDropDownAutoSuggertion.BootStrapDropDown"/>
  <testcase name="clikOnElement" time="4.115" classname="com.salesForceDropDownAutoSuggertion.BootStrapDropDown"/>
  <testcase name="getTextUntilBreak" time="3.179" classname="com.salesForceDropDownAutoSuggertion.BootStrapDropDown"/>
</testsuite> <!-- com.salesForceDropDownAutoSuggertion.BootStrapDropDown -->
