<?xml version="1.0" encoding="UTF-8"?>
<!-- Generated by org.testng.reporters.JUnitReportReporter -->
<testsuite skipped="0" hostname="DESKTOP-INQUNRP" name="com.salesForceWaitCommands.Fluent2" tests="1" failures="0" timestamp="2020-05-09T18:13:19 EDT" time="15.485" errors="0">
  <testcase name="name" time="15.485" classname="com.salesForceWaitCommands.Fluent2"/>
</testsuite> <!-- com.salesForceWaitCommands.Fluent2 -->
