<?xml version="1.0" encoding="UTF-8"?>
<!-- Generated by org.testng.reporters.JUnitReportReporter -->
<testsuite skipped="0" hostname="DESKTOP-INQUNRP" name="com.salesForceWaitCommands.ElementToBeSelected" tests="1" failures="0" timestamp="2020-05-04T18:58:51 EDT" time="0.188" errors="0">
  <testcase name="elementToBeSelectedTest" time="0.188" classname="com.salesForceWaitCommands.ElementToBeSelected"/>
</testsuite> <!-- com.salesForceWaitCommands.ElementToBeSelected -->
