<?xml version="1.0" encoding="UTF-8"?>
<!-- Generated by org.testng.reporters.JUnitReportReporter -->
<testsuite skipped="0" hostname="DESKTOP-INQUNRP" name="com.salesForceActionsMouseHover.MouseOver" tests="3" failures="0" timestamp="2020-05-03T16:22:11 EDT" time="11.343" errors="0">
  <testcase name="directClickTest" time="3.634" classname="com.salesForceActionsMouseHover.MouseOver"/>
  <testcase name="mouseOverTest" time="4.022" classname="com.salesForceActionsMouseHover.MouseOver"/>
  <testcase name="mouseOverOneClickTest" time="3.687" classname="com.salesForceActionsMouseHover.MouseOver"/>
</testsuite> <!-- com.salesForceActionsMouseHover.MouseOver -->
