<?xml version="1.0" encoding="UTF-8"?>
<!-- Generated by org.testng.reporters.JUnitReportReporter -->
<testsuite skipped="0" hostname="DESKTOP-INQUNRP" name="com.salesForceActionsMouseHover.MouseHoverListDoesExist" tests="1" failures="0" timestamp="2021-01-09T09:59:40 EST" time="5.829" errors="0">
  <testcase name="mouseHover" time="5.829" classname="com.salesForceActionsMouseHover.MouseHoverListDoesExist"/>
</testsuite> <!-- com.salesForceActionsMouseHover.MouseHoverListDoesExist -->
