<?xml version="1.0" encoding="UTF-8"?>
<!-- Generated by org.testng.reporters.JUnitReportReporter -->
<testsuite skipped="0" hostname="DESKTOP-INQUNRP" name="com.salesForceLogin.Login_WithConstructorTest" tests="1" failures="0" timestamp="2020-08-28T14:08:35 EDT" time="8.978" errors="0">
  <testcase name="loginWithValidCredentialTest" time="8.978" classname="com.salesForceLogin.Login_WithConstructorTest"/>
</testsuite> <!-- com.salesForceLogin.Login_WithConstructorTest -->
