<?xml version="1.0" encoding="UTF-8"?>
<!-- Generated by org.testng.reporters.JUnitReportReporter -->
<testsuite skipped="0" hostname="DESKTOP-INQUNRP" name="com.salesForceActionsKeyboardEvent.ByID" tests="2" failures="0" timestamp="2020-05-03T12:33:11 EDT" time="11.882" errors="0">
  <testcase name="findByIDTest" time="7.022" classname="com.salesForceActionsKeyboardEvent.ByID"/>
  <testcase name="findByTest" time="4.860" classname="com.salesForceActionsKeyboardEvent.ByID"/>
</testsuite> <!-- com.salesForceActionsKeyboardEvent.ByID -->
