<?xml version="1.0" encoding="UTF-8"?>
<!-- Generated by org.testng.reporters.JUnitReportReporter -->
<testsuite skipped="0" hostname="DESKTOP-INQUNRP" name="com.salesForceWaitCommands.VisibilityOfAllElementsLocatedBy" tests="1" failures="0" timestamp="2020-05-05T17:22:46 EDT" time="3.194" errors="0">
  <testcase name="mouse" time="3.194" classname="com.salesForceWaitCommands.VisibilityOfAllElementsLocatedBy"/>
</testsuite> <!-- com.salesForceWaitCommands.VisibilityOfAllElementsLocatedBy -->
