<?xml version="1.0" encoding="UTF-8"?>
<!-- Generated by org.testng.reporters.JUnitReportReporter -->
<testsuite skipped="0" hostname="DESKTOP-INQUNRP" name="com.salesForceActionsKeyboardEvent.KeysUpAndDown" tests="2" failures="0" timestamp="2020-05-10T16:30:07 EDT" time="6.611" errors="0">
  <testcase name="keysUpAndDown" time="6.133" classname="com.salesForceActionsKeyboardEvent.KeysUpAndDown"/>
  <testcase name="keysUpAndDownTest" time="0.478" classname="com.salesForceActionsKeyboardEvent.KeysUpAndDown"/>
</testsuite> <!-- com.salesForceActionsKeyboardEvent.KeysUpAndDown -->
