<?xml version="1.0" encoding="UTF-8"?>
<!-- Generated by org.testng.reporters.JUnitReportReporter -->
<testsuite skipped="0" hostname="DESKTOP-INQUNRP" name="com.salesForceDropDown.MultiSelect" tests="5" failures="0" timestamp="2020-05-03T15:45:58 EDT" time="10.816" errors="0">
  <testcase name="selectAllTest" time="0.625" classname="com.salesForceDropDown.MultiSelect"/>
  <testcase name="deSelectTest" time="3.161" classname="com.salesForceDropDown.MultiSelect"/>
  <testcase name="deSelectAllTest" time="3.262" classname="com.salesForceDropDown.MultiSelect"/>
  <testcase name="SelectedOptionTest" time="3.575" classname="com.salesForceDropDown.MultiSelect"/>
  <testcase name="allOptionTest" time="0.193" classname="com.salesForceDropDown.MultiSelect"/>
</testsuite> <!-- com.salesForceDropDown.MultiSelect -->
