<?xml version="1.0" encoding="UTF-8"?>
<!-- Generated by org.testng.reporters.JUnitReportReporter -->
<testsuite skipped="0" hostname="DESKTOP-INQUNRP" name="com.salesForceWaitCommands.ExpectedConditionsTitleAndURL" tests="2" failures="0" timestamp="2020-05-17T17:29:41 EDT" time="0.436" errors="0">
  <testcase name="titleTest" time="0.205" classname="com.salesForceWaitCommands.ExpectedConditionsTitleAndURL"/>
  <testcase name="URLtest" time="0.231" classname="com.salesForceWaitCommands.ExpectedConditionsTitleAndURL"/>
</testsuite> <!-- com.salesForceWaitCommands.ExpectedConditionsTitleAndURL -->
