<?xml version="1.0" encoding="UTF-8"?>
<!-- Generated by org.testng.reporters.JUnitReportReporter -->
<testsuite skipped="0" hostname="DESKTOP-INQUNRP" name="com.salesForceActionsKeyboardEvent.EnterReturnBackspace" tests="1" failures="0" timestamp="2020-05-06T17:59:16 EDT" time="7.099" errors="0">
  <testcase name="returnTest" time="7.099" classname="com.salesForceActionsKeyboardEvent.EnterReturnBackspace"/>
</testsuite> <!-- com.salesForceActionsKeyboardEvent.EnterReturnBackspace -->
