<?xml version="1.0" encoding="UTF-8"?>
<!-- Generated by org.testng.reporters.JUnitReportReporter -->
<testsuite skipped="0" hostname="DESKTOP-INQUNRP" name="com.salesForceDropDown.Basics" tests="3" failures="0" timestamp="2021-01-10T18:29:19 EST" time="1.458" errors="0">
  <testcase name="generalTest" time="0.980" classname="com.salesForceDropDown.Basics"/>
  <testcase name="indexTest" time="0.325" classname="com.salesForceDropDown.Basics"/>
  <testcase name="VisibleTextTest" time="0.153" classname="com.salesForceDropDown.Basics"/>
</testsuite> <!-- com.salesForceDropDown.Basics -->
