<?xml version="1.0" encoding="UTF-8"?>
<!-- Generated by org.testng.reporters.JUnitReportReporter -->
<testsuite skipped="0" hostname="DESKTOP-INQUNRP" name="com.salesForceActionsMouseHover.MouseOver" tests="3" failures="0" timestamp="2021-01-09T18:11:26 EST" time="16.522" errors="0">
  <testcase name="directClickTest" time="6.704" classname="com.salesForceActionsMouseHover.MouseOver"/>
  <testcase name="mouseOverTest" time="6.038" classname="com.salesForceActionsMouseHover.MouseOver"/>
  <testcase name="mouseOverOneClickTest" time="3.780" classname="com.salesForceActionsMouseHover.MouseOver"/>
</testsuite> <!-- com.salesForceActionsMouseHover.MouseOver -->
