<?xml version="1.0" encoding="UTF-8"?>
<!-- Generated by org.testng.reporters.JUnitReportReporter -->
<testsuite skipped="0" hostname="DESKTOP-INQUNRP" name="com.SalesForceIFrame.ByIndex" tests="1" failures="0" timestamp="2020-04-13T17:03:25 EDT" time="4.542" errors="0">
  <testcase name="findByIndexTest" time="4.542" classname="com.SalesForceIFrame.ByIndex"/>
</testsuite> <!-- com.SalesForceIFrame.ByIndex -->
