<?xml version="1.0" encoding="UTF-8"?>
<!-- Generated by org.testng.reporters.JUnitReportReporter -->
<testsuite skipped="0" hostname="DESKTOP-INQUNRP" name="com.salesForceCSS.NthOfType" tests="3" failures="0" timestamp="2020-04-12T22:11:41 EDT" time="12.668" errors="0">
  <testcase name="nthOfTypeNumbering" time="4.047" classname="com.salesForceCSS.NthOfType"/>
  <testcase name="ntnOfTypeFirstChild" time="3.277" classname="com.salesForceCSS.NthOfType"/>
  <testcase name="ntnOfTypeLastChild" time="5.344" classname="com.salesForceCSS.NthOfType"/>
</testsuite> <!-- com.salesForceCSS.NthOfType -->
