<?xml version="1.0" encoding="UTF-8"?>
<!-- Generated by org.testng.reporters.JUnitReportReporter -->
<testsuite skipped="0" hostname="DESKTOP-INQUNRP" name="com.salesForceActionsRightClick.RightClick" tests="2" failures="0" timestamp="2020-04-19T18:25:02 EDT" time="3.772" errors="0">
  <testcase name="rightClickTest" time="3.397" classname="com.salesForceActionsRightClick.RightClick"/>
  <testcase name="rightClickTogetherTest" time="0.375" classname="com.salesForceActionsRightClick.RightClick"/>
</testsuite> <!-- com.salesForceActionsRightClick.RightClick -->
