<?xml version="1.0" encoding="UTF-8"?>
<!-- Generated by org.testng.reporters.JUnitReportReporter -->
<testsuite skipped="0" hostname="DESKTOP-INQUNRP" name="WindowHandle.Iterator" tests="1" failures="0" timestamp="2020-04-09T18:21:40 EDT" time="7.257" errors="0">
  <testcase name="iterator" time="7.257" classname="WindowHandle.Iterator"/>
</testsuite> <!-- WindowHandle.Iterator -->
