<?xml version="1.0" encoding="UTF-8"?>
<!-- Generated by org.testng.reporters.JUnitReportReporter -->
<testsuite skipped="0" hostname="DESKTOP-INQUNRP" name="com.salesForceActionsKeyboardEvent.AnyKey" tests="1" failures="0" timestamp="2020-05-10T16:03:24 EDT" time="8.342" errors="0">
  <testcase name="tabEvent" time="8.342" classname="com.salesForceActionsKeyboardEvent.AnyKey"/>
</testsuite> <!-- com.salesForceActionsKeyboardEvent.AnyKey -->
