<?xml version="1.0" encoding="UTF-8"?>
<!-- Generated by org.testng.reporters.JUnitReportReporter -->
<testsuite skipped="0" hostname="DESKTOP-INQUNRP" name="com.salesForceDropDown.Basics" tests="3" failures="0" timestamp="2020-04-26T16:57:50 EDT" time="1.050" errors="0">
  <testcase name="generalTest" time="0.347" classname="com.salesForceDropDown.Basics"/>
  <testcase name="indexTest" time="0.495" classname="com.salesForceDropDown.Basics"/>
  <testcase name="VisibleTextTest" time="0.208" classname="com.salesForceDropDown.Basics"/>
</testsuite> <!-- com.salesForceDropDown.Basics -->
