<?xml version="1.0" encoding="UTF-8"?>
<!-- Generated by org.testng.reporters.JUnitReportReporter -->
<testsuite skipped="0" hostname="DESKTOP-INQUNRP" name="com.salesForceCSS.NthOfType" tests="3" failures="0" timestamp="2020-04-12T14:35:54 EDT" time="11.840" errors="0">
  <testcase name="ntnOfTypeNumbering" time="4.154" classname="com.salesForceCSS.NthOfType"/>
  <testcase name="ntnOfTypeFirstChild" time="3.380" classname="com.salesForceCSS.NthOfType"/>
  <testcase name="ntnOfTypeLastChild" time="4.306" classname="com.salesForceCSS.NthOfType"/>
</testsuite> <!-- com.salesForceCSS.NthOfType -->
