<?xml version="1.0" encoding="UTF-8"?>
<!-- Generated by org.testng.reporters.JUnitReportReporter -->
<testsuite skipped="0" hostname="DESKTOP-INQUNRP" name="com.salesForceCSS.AdvanceCSS" tests="4" failures="0" timestamp="2020-04-12T12:52:50 EDT" time="5.901" errors="0">
  <testcase name="direcChild" time="2.343" classname="com.salesForceCSS.AdvanceCSS"/>
  <testcase name="directntnChild" time="1.158" classname="com.salesForceCSS.AdvanceCSS"/>
  <testcase name="directNtnFirstChild" time="1.227" classname="com.salesForceCSS.AdvanceCSS"/>
  <testcase name="directNtnLastChild" time="1.173" classname="com.salesForceCSS.AdvanceCSS"/>
</testsuite> <!-- com.salesForceCSS.AdvanceCSS -->
