<?xml version="1.0" encoding="UTF-8"?>
<!-- Generated by org.testng.reporters.JUnitReportReporter -->
<testsuite skipped="0" hostname="DESKTOP-INQUNRP" name="com.salesForceLogin.LoginTest" tests="1" failures="0" timestamp="2020-08-28T14:27:47 EDT" time="2.895" errors="0">
  <testcase name="loginWithValidCredentialTest" time="2.895" classname="com.salesForceLogin.LoginTest"/>
</testsuite> <!-- com.salesForceLogin.LoginTest -->
