<?xml version="1.0" encoding="UTF-8"?>
<!-- Generated by org.testng.reporters.JUnitReportReporter -->
<testsuite skipped="0" hostname="DESKTOP-INQUNRP" name="com.salesForceActionsKeyboardEvent.AnyKey" tests="1" failures="0" timestamp="2020-05-06T18:03:03 EDT" time="7.240" errors="0">
  <testcase name="tabEvent" time="7.240" classname="com.salesForceActionsKeyboardEvent.AnyKey"/>
</testsuite> <!-- com.salesForceActionsKeyboardEvent.AnyKey -->
