<?xml version="1.0" encoding="UTF-8"?>
<!-- Generated by org.testng.reporters.JUnitReportReporter -->
<testsuite skipped="0" hostname="DESKTOP-INQUNRP" name="com.SalesForceWindowHandleIterator.Iterator" tests="1" failures="0" timestamp="2020-04-19T20:47:47 EDT" time="6.503" errors="0">
  <testcase name="iterator" time="6.503" classname="com.SalesForceWindowHandleIterator.Iterator"/>
</testsuite> <!-- com.SalesForceWindowHandleIterator.Iterator -->
