<?xml version="1.0" encoding="UTF-8"?>
<!-- Generated by org.testng.reporters.JUnitReportReporter -->
<testsuite skipped="0" hostname="DESKTOP-INQUNRP" name="com.salesForceActionsResize.ResizeBox" tests="1" failures="0" timestamp="2020-05-03T17:41:48 EDT" time="3.862" errors="0">
  <testcase name="resizeBoxTest" time="3.862" classname="com.salesForceActionsResize.ResizeBox"/>
</testsuite> <!-- com.salesForceActionsResize.ResizeBox -->
