<?xml version="1.0" encoding="UTF-8"?>
<!-- Generated by org.testng.reporters.JUnitReportReporter -->
<testsuite skipped="0" hostname="DESKTOP-INQUNRP" name="com.salesForceActionsKeyboardEvent.KeysUpAndDown" tests="2" failures="0" timestamp="2021-01-09T19:48:35 EST" time="6.517" errors="0">
  <testcase name="keysUpAndDown" time="6.031" classname="com.salesForceActionsKeyboardEvent.KeysUpAndDown"/>
  <testcase name="keysUpAndDownTest" time="0.486" classname="com.salesForceActionsKeyboardEvent.KeysUpAndDown"/>
</testsuite> <!-- com.salesForceActionsKeyboardEvent.KeysUpAndDown -->
