<?xml version="1.0" encoding="UTF-8"?>
<!-- Generated by org.testng.reporters.JUnitReportReporter -->
<testsuite skipped="0" hostname="DESKTOP-INQUNRP" name="com.salesForceDropDown.Assertion" tests="4" failures="0" timestamp="2020-04-22T09:43:40 EDT" time="1.358" errors="0">
  <testcase name="totalElementTest" time="0.242" classname="com.salesForceDropDown.Assertion"/>
  <testcase name="assertionTest" time="0.484" classname="com.salesForceDropDown.Assertion"/>
  <testcase name="wrongAsseertion" time="0.330" classname="com.salesForceDropDown.Assertion"/>
  <testcase name="assertionTest3" time="0.302" classname="com.salesForceDropDown.Assertion"/>
</testsuite> <!-- com.salesForceDropDown.Assertion -->
