<?xml version="1.0" encoding="UTF-8"?>
<!-- Generated by org.testng.reporters.JUnitReportReporter -->
<testsuite skipped="0" hostname="DESKTOP-INQUNRP" name="com.salesForceDropDown.MultiSelect" tests="5" failures="0" timestamp="2020-04-21T22:07:29 EDT" time="11.992" errors="0">
  <testcase name="selectAllTest" time="2.251" classname="com.salesForceDropDown.MultiSelect"/>
  <testcase name="deSelectTest" time="3.131" classname="com.salesForceDropDown.MultiSelect"/>
  <testcase name="deSelectAllTest" time="3.152" classname="com.salesForceDropDown.MultiSelect"/>
  <testcase name="SelectedOptionTest" time="3.290" classname="com.salesForceDropDown.MultiSelect"/>
  <testcase name="allOptionTest" time="0.168" classname="com.salesForceDropDown.MultiSelect"/>
</testsuite> <!-- com.salesForceDropDown.MultiSelect -->
