<?xml version="1.0" encoding="UTF-8"?>
<!-- Generated by org.testng.reporters.JUnitReportReporter -->
<testsuite skipped="0" hostname="DESKTOP-INQUNRP" name="com.salesForceActionsMouseHover.MouseOverText" tests="1" failures="0" timestamp="2020-04-20T13:31:35 EDT" time="5.785" errors="0">
  <testcase name="listTest" time="5.785" classname="com.salesForceActionsMouseHover.MouseOverText"/>
</testsuite> <!-- com.salesForceActionsMouseHover.MouseOverText -->
