<?xml version="1.0" encoding="UTF-8"?>
<!-- Generated by org.testng.reporters.JUnitReportReporter -->
<testsuite skipped="0" hostname="DESKTOP-INQUNRP" name="com.salesForceActionsKeyboardEvent.EnterReturnBackspace" tests="1" failures="0" timestamp="2020-05-10T16:26:51 EDT" time="9.143" errors="0">
  <testcase name="returnTest" time="9.143" classname="com.salesForceActionsKeyboardEvent.EnterReturnBackspace"/>
</testsuite> <!-- com.salesForceActionsKeyboardEvent.EnterReturnBackspace -->
