<?xml version="1.0" encoding="UTF-8"?>
<!-- Generated by org.testng.reporters.JUnitReportReporter -->
<testsuite skipped="0" hostname="DESKTOP-INQUNRP" name="com.salesForceActionsDragAndDrop.DragAndDrop" tests="3" failures="0" timestamp="2020-05-03T17:33:05 EDT" time="2.836" errors="0">
  <testcase name="DragAndDMiltiClickTest" time="1.114" classname="com.salesForceActionsDragAndDrop.DragAndDrop"/>
  <testcase name="manyBoxClickTest" time="0.996" classname="com.salesForceActionsDragAndDrop.DragAndDrop"/>
  <testcase name="DragAndDropOneClickTest" time="0.726" classname="com.salesForceActionsDragAndDrop.DragAndDrop"/>
</testsuite> <!-- com.salesForceActionsDragAndDrop.DragAndDrop -->
