<?xml version="1.0" encoding="UTF-8"?>
<!-- Generated by org.testng.reporters.JUnitReportReporter -->
<testsuite skipped="0" hostname="DESKTOP-INQUNRP" name="com.salesForceActions.MouseHoverListTag" tests="1" failures="0" timestamp="2020-04-19T17:35:15 EDT" time="3.560" errors="0">
  <testcase name="mouseHover" time="3.560" classname="com.salesForceActions.MouseHoverListTag"/>
</testsuite> <!-- com.salesForceActions.MouseHoverListTag -->
