<?xml version="1.0" encoding="UTF-8"?>
<!-- Generated by org.testng.reporters.JUnitReportReporter -->
<testsuite skipped="0" hostname="DESKTOP-INQUNRP" name="com.salesForceActionsMouseHover.MouseHoverListTextExpermenting" tests="1" failures="0" timestamp="2020-04-22T13:03:47 EDT" time="4.370" errors="0">
  <testcase name="mouseHover" time="4.370" classname="com.salesForceActionsMouseHover.MouseHoverListTextExpermenting"/>
</testsuite> <!-- com.salesForceActionsMouseHover.MouseHoverListTextExpermenting -->
