<?xml version="1.0" encoding="UTF-8"?>
<!-- Generated by org.testng.reporters.JUnitReportReporter -->
<testsuite skipped="0" hostname="DESKTOP-INQUNRP" name="com.salesForceActionsMouseHover.MouseOver2" tests="1" failures="0" timestamp="2021-01-09T19:25:55 EST" time="5.829" errors="0">
  <testcase name="muTest" time="5.829" classname="com.salesForceActionsMouseHover.MouseOver2"/>
</testsuite> <!-- com.salesForceActionsMouseHover.MouseOver2 -->
