<?xml version="1.0" encoding="UTF-8"?>
<!-- Generated by org.testng.reporters.JUnitReportReporter -->
<testsuite skipped="0" hostname="DESKTOP-INQUNRP" name="com.salesForceActionsClick.DoubleClick" tests="2" failures="0" timestamp="2020-04-20T14:27:02 EDT" time="2.488" errors="0">
  <testcase name="doubleClickTest1" time="0.322" classname="com.salesForceActionsClick.DoubleClick"/>
  <testcase name="doubleClickTest" time="2.166" classname="com.salesForceActionsClick.DoubleClick"/>
</testsuite> <!-- com.salesForceActionsClick.DoubleClick -->
