<?xml version="1.0" encoding="UTF-8"?>
<!-- Generated by org.testng.reporters.JUnitReportReporter -->
<testsuite skipped="0" hostname="DESKTOP-INQUNRP" name="com.salesForceDropDown.AssertionList" tests="1" failures="0" timestamp="2020-04-22T21:34:34 EDT" time="0.217" errors="0">
  <testcase name="assertionTest" time="0.217" classname="com.salesForceDropDown.AssertionList"/>
</testsuite> <!-- com.salesForceDropDown.AssertionList -->
