<?xml version="1.0" encoding="UTF-8"?>
<!-- Generated by org.testng.reporters.JUnitReportReporter -->
<testsuite skipped="0" hostname="DESKTOP-INQUNRP" name="com.salesForceActionsSlider.SliderBar" tests="1" failures="0" timestamp="2020-04-20T07:34:54 EDT" time="0.601" errors="0">
  <testcase name="DragAndDMiltiClickTest" time="0.601" classname="com.salesForceActionsSlider.SliderBar"/>
</testsuite> <!-- com.salesForceActionsSlider.SliderBar -->
