<?xml version="1.0" encoding="UTF-8"?>
<!-- Generated by org.testng.reporters.JUnitReportReporter -->
<testsuite skipped="0" hostname="DESKTOP-INQUNRP" name="com.salesForceWaitCommands.ByID" tests="1" failures="0" timestamp="2020-05-04T13:00:10 EDT" time="3.208" errors="0">
  <testcase name="findByIDTest" time="3.208" classname="com.salesForceWaitCommands.ByID"/>
</testsuite> <!-- com.salesForceWaitCommands.ByID -->
