<?xml version="1.0" encoding="UTF-8"?>
<!-- Generated by org.testng.reporters.JUnitReportReporter -->
<testsuite skipped="0" hostname="DESKTOP-INQUNRP" name="com.salesForceCSS.RegularCSS" tests="5" failures="0" timestamp="2020-04-11T07:14:41 EDT" time="1.552" errors="0">
  <testcase name="oneAttributeTest" time="0.133" classname="com.salesForceCSS.RegularCSS"/>
  <testcase name="twoAttributeTest" time="0.400" classname="com.salesForceCSS.RegularCSS"/>
  <testcase name="startWithAttributeTest" time="0.681" classname="com.salesForceCSS.RegularCSS"/>
  <testcase name="endsWithAttributeTest" time="0.099" classname="com.salesForceCSS.RegularCSS"/>
  <testcase name="SubstringTest" time="0.239" classname="com.salesForceCSS.RegularCSS"/>
</testsuite> <!-- com.salesForceCSS.RegularCSS -->
