<?xml version="1.0" encoding="UTF-8"?>
<!-- Generated by org.testng.reporters.JUnitReportReporter -->
<testsuite skipped="0" hostname="DESKTOP-INQUNRP" name="com.SalesForceIFrame.SwitchByWebElement" tests="1" failures="0" timestamp="2020-04-13T16:15:15 EDT" time="10.968" errors="0">
  <testcase name="switchByElement" time="10.968" classname="com.SalesForceIFrame.SwitchByWebElement"/>
</testsuite> <!-- com.SalesForceIFrame.SwitchByWebElement -->
