<?xml version="1.0" encoding="UTF-8"?>
<!-- Generated by org.testng.reporters.JUnitReportReporter -->
<testsuite skipped="0" hostname="DESKTOP-INQUNRP" name="com.salesForceJavaScriptExecuter_forCalander.DynamicJS" tests="1" failures="0" timestamp="2020-07-02T20:33:18 EDT" time="0.043" errors="0">
  <testcase name="pickAdate" time="0.043" classname="com.salesForceJavaScriptExecuter_forCalander.DynamicJS"/>
</testsuite> <!-- com.salesForceJavaScriptExecuter_forCalander.DynamicJS -->
