<?xml version="1.0" encoding="UTF-8"?>
<!-- Generated by org.testng.reporters.JUnitReportReporter -->
<testsuite skipped="0" hostname="DESKTOP-INQUNRP" name="com.salesForceActionsKeyboardEvent.KeysUpAndDown" tests="1" failures="0" timestamp="2020-05-06T18:22:07 EDT" time="1.372" errors="0">
  <testcase name="keysUpAndDownTest" time="1.372" classname="com.salesForceActionsKeyboardEvent.KeysUpAndDown"/>
</testsuite> <!-- com.salesForceActionsKeyboardEvent.KeysUpAndDown -->
