<?xml version="1.0" encoding="UTF-8"?>
<!-- Generated by org.testng.reporters.JUnitReportReporter -->
<testsuite skipped="0" hostname="DESKTOP-INQUNRP" name="com.salesForceActions.MouseHover" tests="1" failures="0" timestamp="2020-04-19T17:27:40 EDT" time="2.549" errors="0">
  <testcase name="mouseHover" time="2.549" classname="com.salesForceActions.MouseHover"/>
</testsuite> <!-- com.salesForceActions.MouseHover -->
