<?xml version="1.0" encoding="UTF-8"?>
<!-- Generated by org.testng.reporters.JUnitReportReporter -->
<testsuite skipped="0" hostname="DESKTOP-INQUNRP" name="com.salesForceWaitCommands.FluentWait" tests="1" failures="0" timestamp="2020-05-05T18:12:53 EDT" time="0.102" errors="0">
  <testcase name="fluentTest" time="0.102" classname="com.salesForceWaitCommands.FluentWait"/>
</testsuite> <!-- com.salesForceWaitCommands.FluentWait -->
