<?xml version="1.0" encoding="UTF-8"?>
<!-- Generated by org.testng.reporters.JUnitReportReporter -->
<testsuite skipped="0" hostname="DESKTOP-INQUNRP" name="com.SalesForceWindowHandle.MasterIndexiterator" tests="2" failures="0" timestamp="2020-04-18T11:55:41 EDT" time="22.700" errors="0">
  <testcase name="switchToChildWindow" time="19.424" classname="com.SalesForceWindowHandle.MasterIndexiterator"/>
  <testcase name="switchToParentWindow" time="3.276" classname="com.SalesForceWindowHandle.MasterIndexiterator"/>
</testsuite> <!-- com.SalesForceWindowHandle.MasterIndexiterator -->
