<?xml version="1.0" encoding="UTF-8"?>
<!-- Generated by org.testng.reporters.JUnitReportReporter -->
<testsuite skipped="0" hostname="DESKTOP-INQUNRP" name="com.salesForceWaitCommands.AllertToBePresent" tests="3" failures="0" timestamp="2020-05-09T17:26:17 EDT" time="13.743" errors="0">
  <testcase name="AcceptTest" time="0.231" classname="com.salesForceWaitCommands.AllertToBePresent"/>
  <testcase name="DismisTest" time="0.226" classname="com.salesForceWaitCommands.AllertToBePresent"/>
  <testcase name="RegularTest" time="13.286" classname="com.salesForceWaitCommands.AllertToBePresent"/>
</testsuite> <!-- com.salesForceWaitCommands.AllertToBePresent -->
