<?xml version="1.0" encoding="UTF-8"?>
<!-- Generated by org.testng.reporters.JUnitReportReporter -->
<testsuite skipped="0" hostname="DESKTOP-INQUNRP" name="com.salesForceActionsMouseHover.MouseHoverListHTML" tests="1" failures="0" timestamp="2021-01-09T10:03:42 EST" time="3.263" errors="0">
  <testcase name="mouseHover" time="3.263" classname="com.salesForceActionsMouseHover.MouseHoverListHTML"/>
</testsuite> <!-- com.salesForceActionsMouseHover.MouseHoverListHTML -->
