<?xml version="1.0" encoding="UTF-8"?>
<!-- Generated by org.testng.reporters.JUnitReportReporter -->
<testsuite skipped="0" hostname="DESKTOP-INQUNRP" name="com.salesForceWaitCommands.BasicWaitCmmands" tests="3" failures="0" timestamp="2020-05-17T16:54:10 EDT" time="11.555" errors="0">
  <testcase name="ElementsToBeClickable" time="3.264" classname="com.salesForceWaitCommands.BasicWaitCmmands"/>
  <testcase name="invisibilityOfElementLocated" time="8.152" classname="com.salesForceWaitCommands.BasicWaitCmmands"/>
  <testcase name="visibilityOfElementLocated" time="0.139" classname="com.salesForceWaitCommands.BasicWaitCmmands"/>
</testsuite> <!-- com.salesForceWaitCommands.BasicWaitCmmands -->
