<?xml version="1.0" encoding="UTF-8"?>
<!-- Generated by org.testng.reporters.JUnitReportReporter -->
<testsuite skipped="0" hostname="DESKTOP-INQUNRP" name="com.salesForceActionsDragAndDrop.DragableAndDropable" tests="3" failures="0" timestamp="2020-05-03T17:38:47 EDT" time="2.014" errors="0">
  <testcase name="DragAndDMiltiClickTest" time="0.749" classname="com.salesForceActionsDragAndDrop.DragableAndDropable"/>
  <testcase name="DragAndDmanyBoxAtATimeTest" time="0.596" classname="com.salesForceActionsDragAndDrop.DragableAndDropable"/>
  <testcase name="DragAndDOneClickTest" time="0.669" classname="com.salesForceActionsDragAndDrop.DragableAndDropable"/>
</testsuite> <!-- com.salesForceActionsDragAndDrop.DragableAndDropable -->
