<?xml version="1.0" encoding="UTF-8"?>
<!-- Generated by org.testng.reporters.JUnitReportReporter -->
<testsuite skipped="0" hostname="DESKTOP-INQUNRP" name="com.salesForceDropDown.AssertionList" tests="1" failures="0" timestamp="2021-01-10T20:23:16 EST" time="0.306" errors="0">
  <testcase name="assertionTest" time="0.306" classname="com.salesForceDropDown.AssertionList"/>
</testsuite> <!-- com.salesForceDropDown.AssertionList -->
