<?xml version="1.0" encoding="UTF-8"?>
<!-- Generated by org.testng.reporters.JUnitReportReporter -->
<testsuite skipped="0" hostname="DESKTOP-INQUNRP" name="com.salesForceWaitCommands.Fluent3" tests="1" failures="0" timestamp="2020-05-09T18:30:01 EDT" time="9.586" errors="0">
  <testcase name="fluentTest" time="9.586" classname="com.salesForceWaitCommands.Fluent3"/>
</testsuite> <!-- com.salesForceWaitCommands.Fluent3 -->
