<?xml version="1.0" encoding="UTF-8"?>
<!-- Generated by org.testng.reporters.JUnitReportReporter -->
<testsuite skipped="0" hostname="DESKTOP-INQUNRP" name="com.salesForceDropDown.Basics" tests="3" failures="0" timestamp="2020-04-21T22:02:38 EDT" time="3.738" errors="0">
  <testcase name="indexTest" time="0.392" classname="com.salesForceDropDown.Basics"/>
  <testcase name="VisibleTextTest" time="0.217" classname="com.salesForceDropDown.Basics"/>
  <testcase name="ValueTest" time="3.129" classname="com.salesForceDropDown.Basics"/>
</testsuite> <!-- com.salesForceDropDown.Basics -->
