<?xml version="1.0" encoding="UTF-8"?>
<!-- Generated by org.testng.reporters.JUnitReportReporter -->
<testsuite skipped="0" hostname="DESKTOP-INQUNRP" name="com.salesForceCSS.RegularCSS" tests="5" failures="0" timestamp="2020-06-27T20:02:09 EDT" time="5.565" errors="0">
  <testcase name="oneAttributeTest" time="1.152" classname="com.salesForceCSS.RegularCSS"/>
  <testcase name="twoAttributeTest" time="0.307" classname="com.salesForceCSS.RegularCSS"/>
  <testcase name="startWithAttributeTest" time="0.712" classname="com.salesForceCSS.RegularCSS"/>
  <testcase name="endsWithAttributeTest" time="0.149" classname="com.salesForceCSS.RegularCSS"/>
  <testcase name="SubstringTest" time="3.245" classname="com.salesForceCSS.RegularCSS"/>
</testsuite> <!-- com.salesForceCSS.RegularCSS -->
