<?xml version="1.0" encoding="UTF-8"?>
<!-- Generated by org.testng.reporters.JUnitReportReporter -->
<testsuite skipped="0" hostname="DESKTOP-INQUNRP" name="com.salesForceActionsMouseHover.MouseHoverListHTML" tests="1" failures="0" timestamp="2020-05-03T17:22:02 EDT" time="3.299" errors="0">
  <testcase name="mouseHover" time="3.299" classname="com.salesForceActionsMouseHover.MouseHoverListHTML"/>
</testsuite> <!-- com.salesForceActionsMouseHover.MouseHoverListHTML -->
