<?xml version="1.0" encoding="UTF-8"?>
<!-- Generated by org.testng.reporters.JUnitReportReporter -->
<testsuite skipped="0" hostname="DESKTOP-INQUNRP" name="com.salesForceDropDown.Assertion" tests="1" failures="0" timestamp="2021-01-10T20:17:17 EST" time="1.145" errors="0">
  <testcase name="assertionTest3" time="1.145" classname="com.salesForceDropDown.Assertion"/>
</testsuite> <!-- com.salesForceDropDown.Assertion -->
