<?xml version="1.0" encoding="UTF-8"?>
<!-- Generated by org.testng.reporters.JUnitReportReporter -->
<testsuite skipped="0" hostname="DESKTOP-INQUNRP" name="com.salesForceWaitCommands.ExpectedConditionsTitleAndURL" tests="2" failures="0" timestamp="2020-05-05T11:49:19 EDT" time="0.104" errors="0">
  <testcase name="titleTest" time="0.076" classname="com.salesForceWaitCommands.ExpectedConditionsTitleAndURL"/>
  <testcase name="URLtest" time="0.028" classname="com.salesForceWaitCommands.ExpectedConditionsTitleAndURL"/>
</testsuite> <!-- com.salesForceWaitCommands.ExpectedConditionsTitleAndURL -->
