<?xml version="1.0" encoding="UTF-8"?>
<!-- Generated by org.testng.reporters.JUnitReportReporter -->
<testsuite skipped="0" hostname="DESKTOP-INQUNRP" name="com.salesForceActionsMouseHover.MouseHoverListDoesExist" tests="1" failures="0" timestamp="2020-05-03T17:26:40 EDT" time="4.601" errors="0">
  <testcase name="mouseHover" time="4.601" classname="com.salesForceActionsMouseHover.MouseHoverListDoesExist"/>
</testsuite> <!-- com.salesForceActionsMouseHover.MouseHoverListDoesExist -->
