<?xml version="1.0" encoding="UTF-8"?>
<!-- Generated by org.testng.reporters.JUnitReportReporter -->
<testsuite skipped="0" hostname="DESKTOP-INQUNRP" name="com.salesForceActions.MouseHoverAdvance" tests="1" failures="0" timestamp="2020-04-19T17:19:41 EDT" time="4.081" errors="0">
  <testcase name="mouseHover" time="4.081" classname="com.salesForceActions.MouseHoverAdvance"/>
</testsuite> <!-- com.salesForceActions.MouseHoverAdvance -->
