<?xml version="1.0" encoding="UTF-8"?>
<!-- Generated by org.testng.reporters.JUnitReportReporter -->
<testsuite skipped="0" hostname="DESKTOP-INQUNRP" name="com.salesForceActionsKeyboardEvent.EnterReturnBackspace" tests="1" failures="0" timestamp="2021-01-09T19:55:14 EST" time="10.911" errors="0">
  <testcase name="returnTest" time="10.911" classname="com.salesForceActionsKeyboardEvent.EnterReturnBackspace"/>
</testsuite> <!-- com.salesForceActionsKeyboardEvent.EnterReturnBackspace -->
