<?xml version="1.0" encoding="UTF-8"?>
<!-- Generated by org.testng.reporters.JUnitReportReporter -->
<testsuite skipped="0" hostname="DESKTOP-INQUNRP" name="test.Test01" tests="1" failures="0" timestamp="2020-04-09T22:15:21 EDT" time="37.866" errors="0">
  <testcase name="setUpClass" time="37.866" classname="test.Test01"/>
</testsuite> <!-- test.Test01 -->
