<?xml version="1.0" encoding="UTF-8"?>
<!-- Generated by org.testng.reporters.JUnitReportReporter -->
<testsuite skipped="0" hostname="DESKTOP-INQUNRP" name="com.salesForceDropDown.MultiSelect" tests="5" failures="0" timestamp="2021-01-10T18:21:47 EST" time="10.285" errors="0">
  <testcase name="selectAllTest" time="0.570" classname="com.salesForceDropDown.MultiSelect"/>
  <testcase name="deSelectTest" time="3.091" classname="com.salesForceDropDown.MultiSelect"/>
  <testcase name="deSelectAllTest" time="3.162" classname="com.salesForceDropDown.MultiSelect"/>
  <testcase name="SelectedOptionTest" time="3.312" classname="com.salesForceDropDown.MultiSelect"/>
  <testcase name="allOptionTest" time="0.150" classname="com.salesForceDropDown.MultiSelect"/>
</testsuite> <!-- com.salesForceDropDown.MultiSelect -->
