<?xml version="1.0" encoding="UTF-8"?>
<!-- Generated by org.testng.reporters.JUnitReportReporter -->
<testsuite skipped="0" hostname="DESKTOP-INQUNRP" name="com.SalesForceIFrame.SwitchByWebElement" tests="1" failures="0" timestamp="2020-04-18T21:21:28 EDT" time="10.690" errors="0">
  <testcase name="switchByElement" time="10.690" classname="com.SalesForceIFrame.SwitchByWebElement"/>
</testsuite> <!-- com.SalesForceIFrame.SwitchByWebElement -->
