<?xml version="1.0" encoding="UTF-8"?>
<!-- Generated by org.testng.reporters.JUnitReportReporter -->
<testsuite skipped="0" hostname="DESKTOP-INQUNRP" name="com.salesForceDropDownAutoSuggertion.BootStrapYouTube" tests="4" failures="0" timestamp="2020-06-28T18:24:58 EDT" time="35.251" errors="0">
  <testcase name="getAllText" time="6.696" classname="com.salesForceDropDownAutoSuggertion.BootStrapYouTube"/>
  <testcase name="getSpecificText" time="13.471" classname="com.salesForceDropDownAutoSuggertion.BootStrapYouTube"/>
  <testcase name="clikOnElement" time="8.166" classname="com.salesForceDropDownAutoSuggertion.BootStrapYouTube"/>
  <testcase name="getTextUntilBreak" time="6.918" classname="com.salesForceDropDownAutoSuggertion.BootStrapYouTube"/>
</testsuite> <!-- com.salesForceDropDownAutoSuggertion.BootStrapYouTube -->
