<?xml version="1.0" encoding="UTF-8"?>
<!-- Generated by org.testng.reporters.JUnitReportReporter -->
<testsuite skipped="0" hostname="DESKTOP-INQUNRP" name="com.salesForceActionsDragAndDrop.DragableAndDropable" tests="3" failures="0" timestamp="2020-04-20T08:38:00 EDT" time="1.394" errors="0">
  <testcase name="DragAndDMiltiClickTest" time="0.320" classname="com.salesForceActionsDragAndDrop.DragableAndDropable"/>
  <testcase name="DragAndDmanyBoxAtATimeTest" time="0.691" classname="com.salesForceActionsDragAndDrop.DragableAndDropable"/>
  <testcase name="DragAndDOneClickTest" time="0.383" classname="com.salesForceActionsDragAndDrop.DragableAndDropable"/>
</testsuite> <!-- com.salesForceActionsDragAndDrop.DragableAndDropable -->
