<?xml version="1.0" encoding="UTF-8"?>
<!-- Generated by org.testng.reporters.JUnitReportReporter -->
<testsuite skipped="0" hostname="DESKTOP-INQUNRP" name="com.salesForceActionsKeyboardEvent.Tab" tests="1" failures="0" timestamp="2021-01-09T19:45:42 EST" time="3.649" errors="0">
  <testcase name="tabEvent" time="3.649" classname="com.salesForceActionsKeyboardEvent.Tab"/>
</testsuite> <!-- com.salesForceActionsKeyboardEvent.Tab -->
