<?xml version="1.0" encoding="UTF-8"?>
<!-- Generated by org.testng.reporters.JUnitReportReporter -->
<testsuite skipped="0" hostname="DESKTOP-INQUNRP" name="com.salesForceActionsMouseHover.MouseHoverListID" tests="1" failures="0" timestamp="2020-04-20T13:47:20 EDT" time="3.783" errors="0">
  <testcase name="mouseHover" time="3.783" classname="com.salesForceActionsMouseHover.MouseHoverListID"/>
</testsuite> <!-- com.salesForceActionsMouseHover.MouseHoverListID -->
