<?xml version="1.0" encoding="UTF-8"?>
<!-- Generated by org.testng.reporters.JUnitReportReporter -->
<testsuite skipped="0" hostname="DESKTOP-INQUNRP" name="com.salesForceActionsMouseHover.MouseHoverListID" tests="1" failures="0" timestamp="2020-05-03T17:09:05 EDT" time="3.977" errors="0">
  <testcase name="mouseHover" time="3.977" classname="com.salesForceActionsMouseHover.MouseHoverListID"/>
</testsuite> <!-- com.salesForceActionsMouseHover.MouseHoverListID -->
