<?xml version="1.0" encoding="UTF-8"?>
<!-- Generated by org.testng.reporters.JUnitReportReporter -->
<testsuite skipped="0" hostname="DESKTOP-INQUNRP" name="com.salesForce.ByIndex" tests="1" failures="0" timestamp="2020-04-13T11:02:57 EDT" time="6.578" errors="0">
  <testcase name="findByIndexTest" time="6.578" classname="com.salesForce.ByIndex"/>
</testsuite> <!-- com.salesForce.ByIndex -->
