<?xml version="1.0" encoding="UTF-8"?>
<!-- Generated by org.testng.reporters.JUnitReportReporter -->
<testsuite skipped="0" hostname="DESKTOP-INQUNRP" name="com.salesForceWaitCommands.BasicWaitCmmands" tests="2" failures="0" timestamp="2020-05-09T18:39:09 EDT" time="13.732" errors="0">
  <testcase name="ElementsToBeClickable" time="3.559" classname="com.salesForceWaitCommands.BasicWaitCmmands"/>
  <testcase name="invisibilityOfElementLocated" time="10.173" classname="com.salesForceWaitCommands.BasicWaitCmmands"/>
</testsuite> <!-- com.salesForceWaitCommands.BasicWaitCmmands -->
