<?xml version="1.0" encoding="UTF-8"?>
<!-- Generated by org.testng.reporters.JUnitReportReporter -->
<testsuite skipped="0" hostname="DESKTOP-INQUNRP" name="com.salesForceDropDownAutoSuggertion.LookAndSearchGoogle" tests="1" failures="0" timestamp="2020-09-17T12:12:34 EDT" time="4.511" errors="0">
  <testcase name="getSpecificText" time="4.511" classname="com.salesForceDropDownAutoSuggertion.LookAndSearchGoogle"/>
</testsuite> <!-- com.salesForceDropDownAutoSuggertion.LookAndSearchGoogle -->
