<?xml version="1.0" encoding="UTF-8"?>
<!-- Generated by org.testng.reporters.JUnitReportReporter -->
<testsuite skipped="0" hostname="DESKTOP-INQUNRP" name="com.salesForceActionsDragAndDrop.DragAndDrop" tests="1" failures="0" timestamp="2020-04-19T18:49:52 EDT" time="0.296" errors="0">
  <testcase name="rightClickTest" time="0.296" classname="com.salesForceActionsDragAndDrop.DragAndDrop"/>
</testsuite> <!-- com.salesForceActionsDragAndDrop.DragAndDrop -->
