<?xml version="1.0" encoding="UTF-8"?>
<!-- Generated by org.testng.reporters.JUnitReportReporter -->
<testsuite skipped="0" hostname="DESKTOP-INQUNRP" name="com.salesForceActionsDragAndDrop.DragableAndDropableWithIframe" tests="1" failures="0" timestamp="2020-04-20T08:39:04 EDT" time="0.493" errors="0">
  <testcase name="DragAndDMiltiClickTest" time="0.493" classname="com.salesForceActionsDragAndDrop.DragableAndDropableWithIframe"/>
</testsuite> <!-- com.salesForceActionsDragAndDrop.DragableAndDropableWithIframe -->
