<?xml version="1.0" encoding="UTF-8"?>
<!-- Generated by org.testng.reporters.JUnitReportReporter -->
<testsuite skipped="0" hostname="DESKTOP-INQUNRP" name="com.salesForceWaitCommands.Title" tests="2" failures="0" timestamp="2020-05-04T19:21:29 EDT" time="0.067" errors="0">
  <testcase name="t" time="0.051" classname="com.salesForceWaitCommands.Title"/>
  <testcase name="u" time="0.016" classname="com.salesForceWaitCommands.Title"/>
</testsuite> <!-- com.salesForceWaitCommands.Title -->
