<?xml version="1.0" encoding="UTF-8"?>
<!-- Generated by org.testng.reporters.JUnitReportReporter -->
<testsuite skipped="0" hostname="DESKTOP-INQUNRP" name="com.salesForceDropDown.DropDownOption" tests="2" failures="0" timestamp="2020-04-26T17:34:24 EDT" time="5.392" errors="0">
  <testcase name="printAllTest" time="0.378" classname="com.salesForceDropDown.DropDownOption"/>
  <testcase name="allElementTest" time="5.014" classname="com.salesForceDropDown.DropDownOption"/>
</testsuite> <!-- com.salesForceDropDown.DropDownOption -->
