<?xml version="1.0" encoding="UTF-8"?>
<!-- Generated by org.testng.reporters.JUnitReportReporter -->
<testsuite skipped="0" hostname="DESKTOP-INQUNRP" name="com.salesForceDropDown.AssertionListDoesExist" tests="2" failures="0" timestamp="2020-04-22T21:56:13 EDT" time="0.916" errors="0">
  <testcase name="organizeDataTest" time="0.367" classname="com.salesForceDropDown.AssertionListDoesExist"/>
  <testcase name="unOrganizeDataTest" time="0.549" classname="com.salesForceDropDown.AssertionListDoesExist"/>
</testsuite> <!-- com.salesForceDropDown.AssertionListDoesExist -->
