<?xml version="1.0" encoding="UTF-8"?>
<!-- Generated by org.testng.reporters.JUnitReportReporter -->
<testsuite skipped="0" hostname="DESKTOP-INQUNRP" name="com.salesForceDropDownAutoSuggertion.BootStrapDropDown" tests="4" failures="0" timestamp="2020-06-28T18:22:22 EDT" time="15.235" errors="0">
  <testcase name="getSpecificText" time="3.267" classname="com.salesForceDropDownAutoSuggertion.BootStrapDropDown"/>
  <testcase name="getAllText" time="3.490" classname="com.salesForceDropDownAutoSuggertion.BootStrapDropDown"/>
  <testcase name="clikOnElement" time="5.229" classname="com.salesForceDropDownAutoSuggertion.BootStrapDropDown"/>
  <testcase name="getTextUntilBreak" time="3.249" classname="com.salesForceDropDownAutoSuggertion.BootStrapDropDown"/>
</testsuite> <!-- com.salesForceDropDownAutoSuggertion.BootStrapDropDown -->
