<?xml version="1.0" encoding="UTF-8"?>
<!-- Generated by org.testng.reporters.JUnitReportReporter -->
<testsuite skipped="0" hostname="DESKTOP-INQUNRP" name="com.salesForceWaitCommands.BasicWaitCmmandsByMethod" tests="4" failures="0" timestamp="2020-05-05T11:11:21 EDT" time="14.045" errors="0">
  <testcase name="ElementsToBeClickable" time="2.484" classname="com.salesForceWaitCommands.BasicWaitCmmandsByMethod"/>
  <testcase name="invisibilityOfElementLocated" time="10.325" classname="com.salesForceWaitCommands.BasicWaitCmmandsByMethod"/>
  <testcase name="visibilityOfElementLocated" time="0.133" classname="com.salesForceWaitCommands.BasicWaitCmmandsByMethod"/>
  <testcase name="presenceOfElementLocated" time="1.103" classname="com.salesForceWaitCommands.BasicWaitCmmandsByMethod"/>
</testsuite> <!-- com.salesForceWaitCommands.BasicWaitCmmandsByMethod -->
