<?xml version="1.0" encoding="UTF-8"?>
<!-- Generated by org.testng.reporters.JUnitReportReporter -->
<testsuite skipped="0" hostname="DESKTOP-INQUNRP" name="com.salesForceActions.MouseOver" tests="3" failures="0" timestamp="2020-04-19T17:43:26 EDT" time="9.315" errors="0">
  <testcase name="directClickTest" time="2.985" classname="com.salesForceActions.MouseOver"/>
  <testcase name="mouseOverTest" time="3.692" classname="com.salesForceActions.MouseOver"/>
  <testcase name="mouseOverOneClickTest" time="2.638" classname="com.salesForceActions.MouseOver"/>
</testsuite> <!-- com.salesForceActions.MouseOver -->
