<?xml version="1.0" encoding="UTF-8"?>
<!-- Generated by org.testng.reporters.JUnitReportReporter -->
<testsuite skipped="0" hostname="DESKTOP-INQUNRP" name="com.SalesForceWindowHandleIterator.MasterURL" tests="1" failures="0" timestamp="2020-04-18T17:01:37 EDT" time="74.626" errors="0">
  <testcase name="urlTesting" time="74.626" classname="com.SalesForceWindowHandleIterator.MasterURL"/>
</testsuite> <!-- com.SalesForceWindowHandleIterator.MasterURL -->
