<?xml version="1.0" encoding="UTF-8"?>
<!-- Generated by org.testng.reporters.JUnitReportReporter -->
<testsuite skipped="0" hostname="DESKTOP-INQUNRP" name="com.SalesForceIFrame.ByWebElement" tests="1" failures="0" timestamp="2020-04-26T16:23:35 EDT" time="6.189" errors="0">
  <testcase name="findByWebElementTest" time="6.189" classname="com.SalesForceIFrame.ByWebElement"/>
</testsuite> <!-- com.SalesForceIFrame.ByWebElement -->
