<?xml version="1.0" encoding="UTF-8"?>
<!-- Generated by org.testng.reporters.JUnitReportReporter -->
<testsuite skipped="0" hostname="DESKTOP-INQUNRP" name="com.salesForceActionsDragAndDrop.DragAndDropFolder" tests="1" failures="0" timestamp="2020-04-20T09:02:59 EDT" time="0.331" errors="0">
  <testcase name="DragAndDMiltiClickTest" time="0.331" classname="com.salesForceActionsDragAndDrop.DragAndDropFolder"/>
</testsuite> <!-- com.salesForceActionsDragAndDrop.DragAndDropFolder -->
