<?xml version="1.0" encoding="UTF-8"?>
<!-- Generated by org.testng.reporters.JUnitReportReporter -->
<testsuite skipped="0" hostname="DESKTOP-INQUNRP" name="com.salesForceActionsMouseHover.MouseOverMultiLinkAtATime" tests="2" failures="0" timestamp="2021-01-09T19:35:29 EST" time="42.582" errors="0">
  <testcase name="actionClick" time="22.082" classname="com.salesForceActionsMouseHover.MouseOverMultiLinkAtATime"/>
  <testcase name="OneActionClick" time="20.500" classname="com.salesForceActionsMouseHover.MouseOverMultiLinkAtATime"/>
</testsuite> <!-- com.salesForceActionsMouseHover.MouseOverMultiLinkAtATime -->
