<?xml version="1.0" encoding="UTF-8"?>
<!-- Generated by org.testng.reporters.JUnitReportReporter -->
<testsuite skipped="0" hostname="DESKTOP-INQUNRP" name="com.salesForceLogin.LoginTest" tests="1" failures="0" timestamp="2020-08-28T14:31:08 EDT" time="3.604" errors="0">
  <testcase name="loginWithValidCredentialTest" time="3.604" classname="com.salesForceLogin.LoginTest"/>
</testsuite> <!-- com.salesForceLogin.LoginTest -->
