<?xml version="1.0" encoding="UTF-8"?>
<!-- Generated by org.testng.reporters.JUnitReportReporter -->
<testsuite skipped="0" hostname="DESKTOP-INQUNRP" name="com.salesforce.logintest.LoginTest" tests="1" failures="0" timestamp="27 Aug 2020 15:05:16 GMT" time="1.988" errors="0">
  <testcase name="loginTest" time="1.988" classname="com.salesforce.logintest.LoginTest"/>
</testsuite> <!-- com.salesforce.logintest.LoginTest -->
